#
# There is insufficient memory for the Java Runtime Environment to continue.
# Native memory allocation (malloc) failed to allocate 35216 bytes for Chunk::new
# Possible reasons:
#   The system is out of physical RAM or swap space
#   In 32 bit mode, the process size limit was hit
# Possible solutions:
#   Reduce memory load on the system
#   Increase physical memory or swap space
#   Check if swap backing store is full
#   Use 64 bit Java on a 64 bit OS
#   Decrease Java heap size (-Xmx/-Xms)
#   Decrease number of Java threads
#   Decrease Java thread stack sizes (-Xss)
#   Set larger code cache with -XX:ReservedCodeCacheSize=
# This output file may be truncated or incomplete.
#
#  Out of Memory Error (allocation.cpp:390), pid=2808, tid=0x0000000000002430
#
# JRE version: Java(TM) SE Runtime Environment (8.0_151-b12) (build 1.8.0_151-b12)
# Java VM: Java HotSpot(TM) 64-Bit Server VM (25.151-b12 mixed mode windows-amd64 compressed oops)
# Failed to write core dump. Minidumps are not enabled by default on client versions of Windows
#

---------------  T H R E A D  ---------------

Current thread (0x00000000180b8800):  JavaThread "C2 CompilerThread1" daemon [_thread_in_native, id=9264, stack(0x0000000018640000,0x0000000018740000)]

Stack: [0x0000000018640000,0x0000000018740000]
[error occurred during error reporting (printing stack bounds), id 0xc0000005]

Native frames: (J=compiled Java code, j=interpreted, Vv=VM code, C=native code)


Current CompileTask:
C2:    892   26       4       java.lang.AbstractStringBuilder::append (29 bytes)


---------------  P R O C E S S  ---------------

Java Threads: ( => current thread )
  0x0000000018114000 JavaThread "Service Thread" daemon [_thread_new, id=1716, stack(0x0000000000000000,0x0000000000000000)]
  0x0000000018110800 JavaThread "C1 CompilerThread2" daemon [_thread_in_native, id=8720, stack(0x0000000018740000,0x0000000018840000)]
=>0x00000000180b8800 JavaThread "C2 CompilerThread1" daemon [_thread_in_native, id=9264, stack(0x0000000018640000,0x0000000018740000)]
  0x00000000180a4800 JavaThread "C2 CompilerThread0" daemon [_thread_in_native, id=6848, stack(0x0000000018540000,0x0000000018640000)]
  0x00000000169bd000 JavaThread "Attach Listener" daemon [_thread_blocked, id=1544, stack(0x0000000017f40000,0x0000000018040000)]
  0x00000000169bc000 JavaThread "Signal Dispatcher" daemon [_thread_blocked, id=4752, stack(0x0000000017e40000,0x0000000017f40000)]
  0x0000000004487800 JavaThread "Finalizer" daemon [_thread_blocked, id=11292, stack(0x0000000017c20000,0x0000000017d20000)]
  0x0000000004482000 JavaThread "Reference Handler" daemon [_thread_blocked, id=11564, stack(0x0000000017b20000,0x0000000017c20000)]
  0x000000000404e800 JavaThread "main" [_thread_in_native, id=4748, stack(0x0000000004150000,0x0000000004250000)]

Other Threads:
  0x0000000016987000 VMThread [stack: 0x0000000017a20000,0x0000000017b20000] [id=8868]
  0x000000001812b800 WatcherThread [stack: 0x0000000018aa0000,0x0000000018ba0000] [id=9080]

VM state:not at safepoint (normal execution)

VM Mutex/Monitor currently owned by a thread: None

Heap:
 PSYoungGen      total 18432K, used 2259K [0x00000000eb980000, 0x00000000ece00000, 0x0000000100000000)
  eden space 15872K, 14% used [0x00000000eb980000,0x00000000ebbb4c48,0x00000000ec900000)
  from space 2560K, 0% used [0x00000000ecb80000,0x00000000ecb80000,0x00000000ece00000)
  to   space 2560K, 0% used [0x00000000ec900000,0x00000000ec900000,0x00000000ecb80000)
 ParOldGen       total 42496K, used 0K [0x00000000c2c00000, 0x00000000c5580000, 0x00000000eb980000)
  object space 42496K, 0% used [0x00000000c2c00000,0x00000000c2c00000,0x00000000c5580000)
 Metaspace       used 3150K, capacity 4496K, committed 4864K, reserved 1056768K
  class space    used 348K, capacity 388K, committed 512K, reserved 1048576K

Card table byte_map: [0x0000000013850000,0x0000000013a40000] byte_map_base: 0x000000001323a000

Marking Bits: (ParMarkBitMap*) 0x000000006942d850
 Begin Bits: [0x0000000013f90000, 0x0000000014ee0000)
 End Bits:   [0x0000000014ee0000, 0x0000000015e30000)

Polling page: 0x00000000001f0000

CodeCache: size=245760Kb used=1112Kb max_used=1118Kb free=244647Kb
 bounds [0x0000000004490000, 0x0000000004700000, 0x0000000013490000]
 total_blobs=266 nmethods=29 adapters=152
 compilation: enabled

Compilation events (10 events):
Event: 0.883 Thread 0x00000000180a4800 nmethod 28 0x00000000045a52d0 code [0x00000000045a5400, 0x00000000045a5478]
Event: 0.883 Thread 0x00000000180a4800   29  s    4       java.lang.StringBuffer::append (13 bytes)
Event: 0.883 Thread 0x0000000018110800 nmethod 27 0x00000000045a4850 code [0x00000000045a4a00, 0x00000000045a4f98]
Event: 0.883 Thread 0x0000000018110800   25       3       java.nio.charset.CoderResult::isError (14 bytes)
Event: 0.883 Thread 0x0000000018110800 nmethod 25 0x00000000045a44d0 code [0x00000000045a4620, 0x00000000045a47d0]
Event: 0.884 Thread 0x0000000018110800   30       1       java.nio.Buffer::limit (5 bytes)
Event: 0.884 Thread 0x0000000018110800 nmethod 30 0x00000000045a4210 code [0x00000000045a4360, 0x00000000045a4470]
Event: 0.884 Thread 0x0000000018110800   31       3       java.nio.CharBuffer::arrayOffset (35 bytes)
Event: 0.885 Thread 0x0000000018110800 nmethod 31 0x00000000045a6490 code [0x00000000045a6620, 0x00000000045a68d8]
Event: 0.885 Thread 0x0000000018110800   32       3       java.nio.Buffer::position (43 bytes)

GC Heap History (0 events):
No events

Deoptimization events (0 events):
No events

Internal exceptions (6 events):
Event: 0.176 Thread 0x000000000404e800 Exception <a 'java/lang/NoSuchMethodError': Method sun.misc.Unsafe.defineClass(Ljava/lang/String;[BII)Ljava/lang/Class; name or signature does not match> (0x00000000eb987ca8) thrown at [C:\re\workspace\8-2-build-windows-amd64-cygwin\jdk8u151\9699\hotspot\
Event: 0.176 Thread 0x000000000404e800 Exception <a 'java/lang/NoSuchMethodError': Method sun.misc.Unsafe.prefetchRead(Ljava/lang/Object;J)V name or signature does not match> (0x00000000eb987f90) thrown at [C:\re\workspace\8-2-build-windows-amd64-cygwin\jdk8u151\9699\hotspot\src\share\vm\prims
Event: 0.854 Thread 0x0000000016a1b000 Exception <a 'java/lang/UnsatisfiedLinkError'> (0x00000000ebad20c0) thrown at [C:\re\workspace\8-2-build-windows-amd64-cygwin\jdk8u151\9699\hotspot\src\share\vm\prims\jvm.cpp, line 3982]
Event: 0.854 Thread 0x0000000016a1b000 Exception <a 'java/lang/UnsatisfiedLinkError'> (0x00000000ebad20c0) thrown at [C:\re\workspace\8-2-build-windows-amd64-cygwin\jdk8u151\9699\hotspot\src\share\vm\prims\jni.cpp, line 709]
Event: 0.854 Thread 0x0000000016a1b000 Exception <a 'java/lang/UnsatisfiedLinkError'> (0x00000000ebad20c0) thrown at [C:\re\workspace\8-2-build-windows-amd64-cygwin\jdk8u151\9699\hotspot\src\share\vm\prims\jvm.cpp, line 1394]
Event: 0.854 Thread 0x0000000016a1b000 Exception <a 'java/lang/UnsatisfiedLinkError'> (0x00000000ebad20c0) thrown at [C:\re\workspace\8-2-build-windows-amd64-cygwin\jdk8u151\9699\hotspot\src\share\vm\oops\instanceKlass.cpp, line 964]

Events (10 events):
Event: 0.856 loading class sun/nio/cs/SingleByte$Decoder
Event: 0.856 loading class sun/nio/cs/SingleByte$Decoder done
Event: 0.857 loading class java/util/IdentityHashMap done
Event: 0.857 loading class Program
Event: 0.857 loading class Program done
Event: 0.857 loading class java/util/IdentityHashMap$KeySet
Event: 0.857 loading class java/util/IdentityHashMap$KeySet done
Event: 0.860 Thread 0x0000000016a1b000 Thread exited: 0x0000000016a1b000
Event: 0.879 loading class sun/misc/URLClassPath$FileLoader$1
Event: 0.879 loading class sun/misc/URLClassPath$FileLoader$1 done


Dynamic libraries:
0x00007ff65cc90000 - 0x00007ff65ccc7000 	C:\Program Files\Java\jdk1.8.0_151\bin\java.exe
0x00007ffad2060000 - 0x00007ffad2240000 	C:\WINDOWS\SYSTEM32\ntdll.dll
0x00007ffad0410000 - 0x00007ffad04be000 	C:\WINDOWS\System32\KERNEL32.DLL
0x00007ffacef80000 - 0x00007ffacf1e6000 	C:\WINDOWS\System32\KERNELBASE.dll
0x00007ffad06b0000 - 0x00007ffad0751000 	C:\WINDOWS\System32\ADVAPI32.dll
0x00007ffad0610000 - 0x00007ffad06ad000 	C:\WINDOWS\System32\msvcrt.dll
0x00007ffad1fd0000 - 0x00007ffad202b000 	C:\WINDOWS\System32\sechost.dll
0x00007ffacf9e0000 - 0x00007ffacfaff000 	C:\WINDOWS\System32\RPCRT4.dll
0x00007ffacfb00000 - 0x00007ffacfc8f000 	C:\WINDOWS\System32\USER32.dll
0x00007ffacf410000 - 0x00007ffacf430000 	C:\WINDOWS\System32\win32u.dll
0x00007ffacfda0000 - 0x00007ffacfdc8000 	C:\WINDOWS\System32\GDI32.dll
0x00007fface500000 - 0x00007fface693000 	C:\WINDOWS\System32\gdi32full.dll
0x00007fface460000 - 0x00007fface4fb000 	C:\WINDOWS\System32\msvcp_win.dll
0x00007ffacf430000 - 0x00007ffacf526000 	C:\WINDOWS\System32\ucrtbase.dll
0x00007ffaba3c0000 - 0x00007ffaba629000 	C:\WINDOWS\WinSxS\amd64_microsoft.windows.common-controls_6595b64144ccf1df_6.0.16299.125_none_15cbcf8893620c09\COMCTL32.dll
0x00007ffacfdf0000 - 0x00007ffad00f8000 	C:\WINDOWS\System32\combase.dll
0x00007ffacef00000 - 0x00007ffacef72000 	C:\WINDOWS\System32\bcryptPrimitives.dll
0x00007ffad03b0000 - 0x00007ffad03dd000 	C:\WINDOWS\System32\IMM32.DLL
0x000000006b2b0000 - 0x000000006b382000 	C:\Program Files\Java\jdk1.8.0_151\jre\bin\msvcr100.dll
0x0000000068c10000 - 0x00000000694ad000 	C:\Program Files\Java\jdk1.8.0_151\jre\bin\server\jvm.dll
0x00007ffad0400000 - 0x00007ffad0408000 	C:\WINDOWS\System32\PSAPI.DLL
0x00007ffacd080000 - 0x00007ffacd089000 	C:\WINDOWS\SYSTEM32\WSOCK32.dll
0x00007ffad1ec0000 - 0x00007ffad1f2c000 	C:\WINDOWS\System32\WS2_32.dll
0x00007ffac64e0000 - 0x00007ffac6503000 	C:\WINDOWS\SYSTEM32\WINMM.dll
0x00007ffabeab0000 - 0x00007ffabeaba000 	C:\WINDOWS\SYSTEM32\VERSION.dll
0x00007ffac6430000 - 0x00007ffac645a000 	C:\WINDOWS\SYSTEM32\WINMMBASE.dll
0x00007ffacf3c0000 - 0x00007ffacf40a000 	C:\WINDOWS\System32\cfgmgr32.dll
0x000000006b2a0000 - 0x000000006b2af000 	C:\Program Files\Java\jdk1.8.0_151\jre\bin\verify.dll
0x000000006b270000 - 0x000000006b299000 	C:\Program Files\Java\jdk1.8.0_151\jre\bin\java.dll
0x000000006b220000 - 0x000000006b243000 	C:\Program Files\Java\jdk1.8.0_151\jre\bin\instrument.dll
0x000000006b250000 - 0x000000006b266000 	C:\Program Files\Java\jdk1.8.0_151\jre\bin\zip.dll
0x00007ffad0a80000 - 0x00007ffad1eb6000 	C:\WINDOWS\System32\SHELL32.dll
0x00007ffacfc90000 - 0x00007ffacfd36000 	C:\WINDOWS\System32\shcore.dll
0x00007fface7b0000 - 0x00007ffaceef7000 	C:\WINDOWS\System32\windows.storage.dll
0x00007ffad0a20000 - 0x00007ffad0a71000 	C:\WINDOWS\System32\shlwapi.dll
0x00007fface400000 - 0x00007fface411000 	C:\WINDOWS\System32\kernel.appcore.dll
0x00007fface3b0000 - 0x00007fface3fc000 	C:\WINDOWS\System32\powrprof.dll
0x00007fface420000 - 0x00007fface43b000 	C:\WINDOWS\System32\profapi.dll
0x00007ffac6290000 - 0x00007ffac62aa000 	C:\Program Files\JetBrains\IntelliJ IDEA 2017.2.6\bin\breakgen64.dll

VM Arguments:
jvm_args: -javaagent:C:\Program Files\JetBrains\IntelliJ IDEA 2017.2.6\lib\idea_rt.jar=64279:C:\Program Files\JetBrains\IntelliJ IDEA 2017.2.6\bin -Dfile.encoding=UTF-8 
java_command: Program
java_class_path (initial): C:\Program Files\Java\jdk1.8.0_151\jre\lib\charsets.jar;C:\Program Files\Java\jdk1.8.0_151\jre\lib\deploy.jar;C:\Program Files\Java\jdk1.8.0_151\jre\lib\ext\access-bridge-64.jar;C:\Program Files\Java\jdk1.8.0_151\jre\lib\ext\cldrdata.jar;C:\Program Files\Java\jdk1.8.0_151\jre\lib\ext\dnsns.jar;C:\Program Files\Java\jdk1.8.0_151\jre\lib\ext\jaccess.jar;C:\Program Files\Java\jdk1.8.0_151\jre\lib\ext\jfxrt.jar;C:\Program Files\Java\jdk1.8.0_151\jre\lib\ext\localedata.jar;C:\Program Files\Java\jdk1.8.0_151\jre\lib\ext\nashorn.jar;C:\Program Files\Java\jdk1.8.0_151\jre\lib\ext\sunec.jar;C:\Program Files\Java\jdk1.8.0_151\jre\lib\ext\sunjce_provider.jar;C:\Program Files\Java\jdk1.8.0_151\jre\lib\ext\sunmscapi.jar;C:\Program Files\Java\jdk1.8.0_151\jre\lib\ext\sunpkcs11.jar;C:\Program Files\Java\jdk1.8.0_151\jre\lib\ext\zipfs.jar;C:\Program Files\Java\jdk1.8.0_151\jre\lib\javaws.jar;C:\Program Files\Java\jdk1.8.0_151\jre\lib\jce.jar;C:\Program Files\Java\jdk1.8.0_151\jre\lib\jfr.jar;C:\Program Files\Java\jdk1.8.0_151\jre\lib\jfxswt.jar;C:\Program Files\Java\jdk1.8.0_151\jre\lib\jsse.jar;C:\Program Files\Java\jdk1.8.0_151\jre\lib\management-agent.jar;C:\Program Files\Java\jdk1.8.0_151\jre\lib\plugin.jar;C:\Program Files\Java\jdk1.8.0_151\jre\lib\resources.jar;C:\Program Files\Java\jdk1.8.0_151\jre\lib\rt.jar;C:\Users\selle\OneDrive - Haute Ecole Léonard de Vinci\Ecam\4EO\Test Driven Application\Project\Parking-management\src\main\java\target\classes;C:\Users\selle\OneDrive - Haute Ecole Léonard de Vinci\Ecam\4EO\Test Driven Application\Project\Parking-management\lib\apiguardian-api-1.0.0.jar;C:\Users\selle\OneDrive - Haute Ecole Léonard de Vinci\Ecam\4EO\Test Driven Application\Project\Parking-management\lib\junit-jupiter-api-5.0.0.jar;C:\Users\selle\OneDrive - Haute Ecole Léonard de Vinci\Ecam\4EO\Test Driven Application\Project\Parking-management\lib\opentest4j-1.0.0.jar;C:\Users\selle\.m2\repository\com\googlecode\json-simple\json-simple\1.1.
Launcher Type: SUN_STANDARD

Environment Variables:
PATH=C:\ProgramData\Oracle\Java\javapath;C:\WINDOWS\system32;C:\WINDOWS;C:\WINDOWS\System32\Wbem;C:\WINDOWS\System32\WindowsPowerShell\v1.0\;C:\Program Files\MiKTeX 2.9\miktex\bin\x64\;C:\Program Files\MATLAB\R2016b\runtime\win64;C:\Program Files\MATLAB\R2016b\bin;C:\Program Files\MATLAB\R2016b\polyspace\bin;C:\Users\selle\AppData\Local\Programs\Python\Python36\Scripts\;C:\Users\selle\AppData\Local\Programs\Python\Python36\;%USERPROFILE%\AppData\Local\Microsoft\WindowsApps;
USERNAME=selle
OS=Windows_NT
PROCESSOR_IDENTIFIER=Intel64 Family 6 Model 76 Stepping 3, GenuineIntel



---------------  S Y S T E M  ---------------

OS: Windows 10.0 , 64 bit Build 16299 (10.0.16299.15)

CPU:total 4 (initial active 4) (4 cores per cpu, 1 threads per core) family 6 model 76 stepping 3, cmov, cx8, fxsr, mmx, sse, sse2, sse3, ssse3, sse4.1, sse4.2, popcnt, aes, clmul, erms, 3dnowpref, tsc, tscinvbit

Memory: 4k page, physical 4013328k(704044k free), swap 4013328k(1720k free)

vm_info: Java HotSpot(TM) 64-Bit Server VM (25.151-b12) for windows-amd64 JRE (1.8.0_151-b12), built on Sep  5 2017 19:33:46 by "java_re" with MS VC++ 10.0 (VS2010)

time: Fri Dec 15 16:03:54 2017
elapsed time: 0 seconds (0d 0h 0m 0s)

